Time resolution is 1 ps
t=   30.0ns rf[01] 00000000
t=   50.0ns rf[11] 00000000
t=   70.0ns rf[21] 00000000
t=   90.0ns rf[31] 00000000
t=  110.0ns rf[41] 00000000
t=  130.0ns rf[51] 00000000
t=  150.0ns rf[61] 00000000
t=  170.0ns rf[71] 00000000
t=  190.0ns rf[81] 00000015
t=  210.0ns rf[91] 00000017
t=  230.0ns rf[101] 0000000c
t=  250.0ns rf[111] fffffff0
t=  270.0ns rf[121] 0000000f
t=  290.0ns rf[131] 0000001f
t=  310.0ns rf[141] 0000000f
t=  330.0ns rf[151] 00000010
t=  350.0ns rf[161] ffffffff
t=  370.0ns rf[171] ffffffff
t=  390.0ns rf[181] 00000001
t=  410.0ns rf[191] 00000001
t=  430.0ns rf[201] 00000015
t=  450.0ns rf[211] 00000016
t=  470.0ns rf[221] 00000017
t=  490.0ns rf[231] 00000018
t=  510.0ns rf[241] 00000019
t=  530.0ns rf[251] 0000001a
t=  550.0ns rf[261] 00000000
t=  570.0ns rf[271] 00000000
t=  590.0ns rf[281] 00000000
t=  610.0ns rf[291] 00000000
t=  630.0ns rf[301] 00000000
t=  650.0ns rf[311] 00000000
$finish called at time : 670 ns : File "C:/Users/kenry/OneDrive - CSULB/2021 - 2022/Spring 2022/CECS 341/Lab 4/lab_4/lab_4.srcs/sim_1/new/Datapath_TB.v" Line 63
